Copyright 1986-2017 Xilinx, Inc. All Rights Reserved.
----------------------------------------------------------------------------------------------------------------------------------------------------------------
| Tool Version     : Vivado v.2017.1 (lin64) Build 1846317 Fri Apr 14 18:54:47 MDT 2017
| Date             : Mon Jun 12 16:06:52 2017
| Host             : 3rdyearlabdesign running 64-bit Ubuntu 17.04
| Command          : report_power -file system_wrapper_power_routed.rpt -pb system_wrapper_power_summary_routed.pb -rpx system_wrapper_power_routed.rpx
| Design           : system_wrapper
| Device           : xc7z010clg400-1
| Design State     : routed
| Grade            : commercial
| Process          : typical
| Characterization : Production
----------------------------------------------------------------------------------------------------------------------------------------------------------------

Power Report

Table of Contents
-----------------
1. Summary
1.1 On-Chip Components
1.2 Power Supply Summary
1.3 Confidence Level
2. Settings
2.1 Environment
2.2 Clock Constraints
3. Detailed Reports
3.1 By Hierarchy

1. Summary
----------

+--------------------------+-------+
| Total On-Chip Power (W)  | 1.458 |
| Dynamic (W)              | 1.329 |
| Device Static (W)        | 0.129 |
| Total Off-Chip Power (W) | 0.013 |
| Effective TJA (C/W)      | 11.5  |
| Max Ambient (C)          | 68.2  |
| Junction Temperature (C) | 41.8  |
| Confidence Level         | Low   |
| Setting File             | ---   |
| Simulation Activity File | ---   |
| Design Nets Matched      | NA    |
+--------------------------+-------+


1.1 On-Chip Components
----------------------

+----------------+-----------+----------+-----------+-----------------+
| On-Chip        | Power (W) | Used     | Available | Utilization (%) |
+----------------+-----------+----------+-----------+-----------------+
| Clocks         |     0.001 |        5 |       --- |             --- |
| Slice Logic    |    <0.001 |      187 |       --- |             --- |
|   LUT as Logic |    <0.001 |       13 |     17600 |            0.07 |
|   CARRY4       |    <0.001 |        7 |      4400 |            0.16 |
|   Register     |    <0.001 |       28 |     35200 |            0.08 |
|   Others       |     0.000 |      137 |       --- |             --- |
| Signals        |    <0.001 |       62 |       --- |             --- |
| I/O            |     0.045 |       49 |       100 |           49.00 |
| PS7            |     1.282 |        1 |       --- |             --- |
| Static Power   |     0.129 |          |           |                 |
| Total          |     1.458 |          |           |                 |
+----------------+-----------+----------+-----------+-----------------+


1.2 Power Supply Summary
------------------------

+-----------+-------------+-----------+-------------+------------+
| Source    | Voltage (V) | Total (A) | Dynamic (A) | Static (A) |
+-----------+-------------+-----------+-------------+------------+
| Vccint    |       1.000 |     0.009 |       0.003 |      0.006 |
| Vccaux    |       1.800 |     0.017 |       0.005 |      0.012 |
| Vcco33    |       3.300 |     0.005 |       0.004 |      0.001 |
| Vcco25    |       2.500 |     0.000 |       0.000 |      0.000 |
| Vcco18    |       1.800 |     0.020 |       0.019 |      0.001 |
| Vcco15    |       1.500 |     0.000 |       0.000 |      0.000 |
| Vcco135   |       1.350 |     0.000 |       0.000 |      0.000 |
| Vcco12    |       1.200 |     0.000 |       0.000 |      0.000 |
| Vccaux_io |       1.800 |     0.000 |       0.000 |      0.000 |
| Vccbram   |       1.000 |     0.000 |       0.000 |      0.000 |
| MGTAVcc   |       1.000 |     0.000 |       0.000 |      0.000 |
| MGTAVtt   |       1.200 |     0.000 |       0.000 |      0.000 |
| MGTVccaux |       1.800 |     0.000 |       0.000 |      0.000 |
| Vccpint   |       1.000 |     0.696 |       0.669 |      0.027 |
| Vccpaux   |       1.800 |     0.037 |       0.027 |      0.010 |
| Vccpll    |       1.800 |     0.017 |       0.014 |      0.003 |
| Vcco_ddr  |       1.500 |     0.356 |       0.354 |      0.002 |
| Vcco_mio0 |       3.300 |     0.002 |       0.001 |      0.001 |
| Vcco_mio1 |       2.500 |     0.003 |       0.002 |      0.001 |
| Vccadc    |       1.800 |     0.020 |       0.000 |      0.020 |
+-----------+-------------+-----------+-------------+------------+


1.3 Confidence Level
--------------------

+-----------------------------+------------+--------------------------------------------------------+--------------------------------------------------------------------------------------------------------------------+
| User Input Data             | Confidence | Details                                                | Action                                                                                                             |
+-----------------------------+------------+--------------------------------------------------------+--------------------------------------------------------------------------------------------------------------------+
| Design implementation state | High       | Design is routed                                       |                                                                                                                    |
| Clock nodes activity        | Medium     | More than 5% of clocks are missing user specification  | Provide missing clock activity with a constraint file, simulation results or by editing the "By Clock Domain" view |
| I/O nodes activity          | Low        | More than 75% of inputs are missing user specification | Provide missing input activity with simulation results or by editing the "By Resource Type -> I/Os" view           |
| Internal nodes activity     | Medium     | User specified less than 25% of internal nodes         | Provide missing internal nodes activity with simulation results or by editing the "By Resource Type" views         |
| Device models               | High       | Device models are Production                           |                                                                                                                    |
|                             |            |                                                        |                                                                                                                    |
| Overall confidence level    | Low        |                                                        |                                                                                                                    |
+-----------------------------+------------+--------------------------------------------------------+--------------------------------------------------------------------------------------------------------------------+


2. Settings
-----------

2.1 Environment
---------------

+-----------------------+------------------------+
| Ambient Temp (C)      | 25.0                   |
| ThetaJA (C/W)         | 11.5                   |
| Airflow (LFM)         | 250                    |
| Heat Sink             | none                   |
| ThetaSA (C/W)         | 0.0                    |
| Board Selection       | medium (10"x10")       |
| # of Board Layers     | 8to11 (8 to 11 Layers) |
| Board Temperature (C) | 25.0                   |
+-----------------------+------------------------+


2.2 Clock Constraints
---------------------

+------------+-----------------------------------------------------------+-----------------+
| Clock      | Domain                                                    | Constraint (ns) |
+------------+-----------------------------------------------------------+-----------------+
| clk_fpga_0 | system_i/processing_system7_0/inst/FCLK_CLK_unbuffered[0] |             8.0 |
| rx_clk     | daisy_p_i[1]                                              |             4.0 |
+------------+-----------------------------------------------------------+-----------------+


3. Detailed Reports
-------------------

3.1 By Hierarchy
----------------

+-------------------------------------------+-----------+
| Name                                      | Power (W) |
+-------------------------------------------+-----------+
| system_wrapper                            |     1.329 |
|   system_i                                |     1.315 |
|     adc_processing_0                      |     0.001 |
|       U0                                  |     0.001 |
|     processing_system7_0                  |     1.283 |
|       inst                                |     1.283 |
|     util_ds_buf_1                         |    <0.001 |
|       U0                                  |    <0.001 |
|     util_ds_buf_2                         |     0.030 |
|       U0                                  |     0.030 |
|         USE_OBUFDS.GEN_OBUFDS[0].OBUFDS_I |     0.005 |
|         USE_OBUFDS.GEN_OBUFDS[1].OBUFDS_I |     0.025 |
+-------------------------------------------+-----------+


