
*** Running vivado
    with args -log system_util_ds_buf_2_0.vds -m64 -product Vivado -mode batch -messageDb vivado.pb -notrace -source system_util_ds_buf_2_0.tcl


****** Vivado v2017.1 (64-bit)
  **** SW Build 1846317 on Fri Apr 14 18:54:47 MDT 2017
  **** IP Build 1846188 on Fri Apr 14 20:52:08 MDT 2017
    ** Copyright 1986-2017 Xilinx, Inc. All Rights Reserved.

source system_util_ds_buf_2_0.tcl -notrace
Starting RTL Elaboration : Time (s): cpu = 00:00:08 ; elapsed = 00:00:12 . Memory (MB): peak = 1147.855 ; gain = 43.996 ; free physical = 109 ; free virtual = 1173
INFO: [Synth 8-638] synthesizing module 'system_util_ds_buf_2_0' [/home/will/redpitaya/fpga_examples/redpitaya_guide/tmp/1_led_blink/1_led_blink.srcs/sources_1/bd/system/ip/system_util_ds_buf_2_0/synth/system_util_ds_buf_2_0.vhd:67]
INFO: [Synth 8-638] synthesizing module 'util_ds_buf' [/home/will/redpitaya/fpga_examples/redpitaya_guide/tmp/1_led_blink/1_led_blink.srcs/sources_1/bd/system/ipshared/1e84/hdl/vhdl/util_ds_buf.vhd:125]
INFO: [Synth 8-256] done synthesizing module 'util_ds_buf' (1#1) [/home/will/redpitaya/fpga_examples/redpitaya_guide/tmp/1_led_blink/1_led_blink.srcs/sources_1/bd/system/ipshared/1e84/hdl/vhdl/util_ds_buf.vhd:125]
INFO: [Synth 8-256] done synthesizing module 'system_util_ds_buf_2_0' (2#1) [/home/will/redpitaya/fpga_examples/redpitaya_guide/tmp/1_led_blink/1_led_blink.srcs/sources_1/bd/system/ip/system_util_ds_buf_2_0/synth/system_util_ds_buf_2_0.vhd:67]
Finished RTL Elaboration : Time (s): cpu = 00:00:09 ; elapsed = 00:00:16 . Memory (MB): peak = 1188.355 ; gain = 84.496 ; free physical = 172 ; free virtual = 1190
Finished RTL Optimization Phase 1 : Time (s): cpu = 00:00:10 ; elapsed = 00:00:16 . Memory (MB): peak = 1188.355 ; gain = 84.496 ; free physical = 171 ; free virtual = 1190
INFO: [Device 21-403] Loading part xc7z010clg400-1
Constraint Validation Runtime : Time (s): cpu = 00:00:00.02 ; elapsed = 00:00:00.31 . Memory (MB): peak = 1477.777 ; gain = 0.000 ; free physical = 123 ; free virtual = 900
Finished Constraint Validation : Time (s): cpu = 00:00:28 ; elapsed = 00:00:44 . Memory (MB): peak = 1477.777 ; gain = 373.918 ; free physical = 188 ; free virtual = 980
Finished Loading Part and Timing Information : Time (s): cpu = 00:00:28 ; elapsed = 00:00:44 . Memory (MB): peak = 1477.777 ; gain = 373.918 ; free physical = 187 ; free virtual = 980
Finished applying 'set_property' XDC Constraints : Time (s): cpu = 00:00:28 ; elapsed = 00:00:44 . Memory (MB): peak = 1477.777 ; gain = 373.918 ; free physical = 188 ; free virtual = 980
Finished RTL Optimization Phase 2 : Time (s): cpu = 00:00:28 ; elapsed = 00:00:45 . Memory (MB): peak = 1477.777 ; gain = 373.918 ; free physical = 188 ; free virtual = 981
Finished Cross Boundary and Area Optimization : Time (s): cpu = 00:00:29 ; elapsed = 00:00:45 . Memory (MB): peak = 1477.777 ; gain = 373.918 ; free physical = 185 ; free virtual = 981
Finished Applying XDC Timing Constraints : Time (s): cpu = 00:00:41 ; elapsed = 00:00:59 . Memory (MB): peak = 1491.777 ; gain = 387.918 ; free physical = 114 ; free virtual = 858
Finished Timing Optimization : Time (s): cpu = 00:00:41 ; elapsed = 00:00:59 . Memory (MB): peak = 1491.777 ; gain = 387.918 ; free physical = 114 ; free virtual = 857
Finished Technology Mapping : Time (s): cpu = 00:00:41 ; elapsed = 00:00:59 . Memory (MB): peak = 1500.793 ; gain = 396.934 ; free physical = 138 ; free virtual = 857
Finished IO Insertion : Time (s): cpu = 00:00:43 ; elapsed = 00:01:01 . Memory (MB): peak = 1500.793 ; gain = 396.934 ; free physical = 139 ; free virtual = 860
Finished Renaming Generated Instances : Time (s): cpu = 00:00:43 ; elapsed = 00:01:01 . Memory (MB): peak = 1500.793 ; gain = 396.934 ; free physical = 139 ; free virtual = 860
Finished Rebuilding User Hierarchy : Time (s): cpu = 00:00:43 ; elapsed = 00:01:01 . Memory (MB): peak = 1500.793 ; gain = 396.934 ; free physical = 139 ; free virtual = 860
Finished Renaming Generated Ports : Time (s): cpu = 00:00:43 ; elapsed = 00:01:01 . Memory (MB): peak = 1500.793 ; gain = 396.934 ; free physical = 139 ; free virtual = 860
Finished Handling Custom Attributes : Time (s): cpu = 00:00:43 ; elapsed = 00:01:01 . Memory (MB): peak = 1500.793 ; gain = 396.934 ; free physical = 139 ; free virtual = 860
Finished Renaming Generated Nets : Time (s): cpu = 00:00:43 ; elapsed = 00:01:01 . Memory (MB): peak = 1500.793 ; gain = 396.934 ; free physical = 139 ; free virtual = 860

Report Cell Usage: 
+------+-------+------+
|      |Cell   |Count |
+------+-------+------+
|1     |OBUFDS |     2|
+------+-------+------+
Finished Writing Synthesis Report : Time (s): cpu = 00:00:43 ; elapsed = 00:01:01 . Memory (MB): peak = 1500.793 ; gain = 396.934 ; free physical = 139 ; free virtual = 860
synth_design: Time (s): cpu = 00:00:45 ; elapsed = 00:01:04 . Memory (MB): peak = 1506.793 ; gain = 415.520 ; free physical = 149 ; free virtual = 876
